<?xml version="1.0" encoding="UTF-8"?>
<!-- Generated by org.testng.reporters.JUnitXMLReporter -->
<testsuite hostname="Sudipas-MacBook-Pro.local" ignored="0" tests="5" failures="0" timestamp="2021-09-23T18:26:44 IST" time="0.024" errors="0">
  <testcase name="exceptionWithBlankValue" time="0.002" classname="TestPasswordValidator"/>
  <testcase name="testCapitalCharsAreValidatedCorrectly" time="0.001" classname="TestPasswordValidator"/>
  <testcase name="testSmallCharsAreValidatedCorrectly" time="0.0" classname="TestPasswordValidator"/>
  <testcase name="testSmallCharsAreValidatedCorrectly_negativeCase" time="0.001" classname="TestPasswordValidator"/>
  <testcase name="testSpecialCharsAreValidatedCorrectly" time="0.0" classname="TestPasswordValidator"/>
</testsuite>
